<?xml version="1.0" encoding="UTF-8"?>
<testsuite name="challenge.CriptografiaCesarianaSubmissionTest" tests="10" skipped="0" failures="0" errors="0" timestamp="2021-03-24T01:43:10" hostname="DESKTOP-1H6QT42" time="0.041">
  <properties/>
  <testcase name="deveRetornarErroQuandoCriptografaTextoEhNulo" classname="challenge.CriptografiaCesarianaSubmissionTest" time="0.011"/>
  <testcase name="deveConverterCaracteresParaMinusculoNaDescriptografia" classname="challenge.CriptografiaCesarianaSubmissionTest" time="0.006"/>
  <testcase name="deveManterOsNumerosNaCriptografia" classname="challenge.CriptografiaCesarianaSubmissionTest" time="0.0"/>
  <testcase name="deveConverterCaracteresParaMinusculoNaCriptografia" classname="challenge.CriptografiaCesarianaSubmissionTest" time="0.001"/>
  <testcase name="deveManterOsNumerosNaDescriptografia" classname="challenge.CriptografiaCesarianaSubmissionTest" time="0.006"/>
  <testcase name="deveRetornarErroQuandoDesCriptografaTextoEhNulo" classname="challenge.CriptografiaCesarianaSubmissionTest" time="0.0"/>
  <testcase name="deveRetornarErroQuandoODesCriptografaTextoEhVazio" classname="challenge.CriptografiaCesarianaSubmissionTest" time="0.0"/>
  <testcase name="deveCriptografarTexto" classname="challenge.CriptografiaCesarianaSubmissionTest" time="0.001"/>
  <testcase name="deveRetornarErroQuandoOCriptografaTextoEhVazio" classname="challenge.CriptografiaCesarianaSubmissionTest" time="0.001"/>
  <testcase name="deveDescriptografarTexto" classname="challenge.CriptografiaCesarianaSubmissionTest" time="0.012"/>
  <system-out><![CDATA[ap
apr
apre
apren
aprend
aprende
aprender
aprender ja
aprender jav
aprender java
aprender java g
aprender java ge
aprender java ger
aprender java gera
aprender java gera f
aprender java gera fe
aprender java gera fel
aprender java gera feli
aprender java gera felic
aprender java gera felici
aprender java gera felicid
aprender java gera felicida
aprender java gera felicidad
aprender java gera felicidade
aprender java gera felicidade
s
se
sej
seja
sejam
sejam b
sejam be
sejam bem
sejam bem v
sejam bem vi
sejam bem vin
sejam bem vind
sejam bem vindo
sejam bem vindos
sejam bem vindos a
sejam bem vindos ao
sejam bem vindos ao a
sejam bem vindos ao ac
sejam bem vindos ao ace
sejam bem vindos ao acel
sejam bem vindos ao acele
sejam bem vindos ao aceler
sejam bem vindos ao acelera
sejam bem vindos ao acelera b
sejam bem vindos ao acelera br
sejam bem vindos ao acelera bra
sejam bem vindos ao acelera bras
sejam bem vindos ao acelera brasi
sejam bem vindos ao acelera brasil
sejam bem vindos ao acelera brasil 2019
a
a l
a li
a lig
a lige
a ligei
a ligeir
a ligeira
a ligeira r
a ligeira ra
a ligeira rap
a ligeira rapo
a ligeira rapos
a ligeira raposa
a ligeira raposa m
a ligeira raposa ma
a ligeira raposa mar
a ligeira raposa marr
a ligeira raposa marro
a ligeira raposa marrom
a ligeira raposa marrom s
a ligeira raposa marrom sa
a ligeira raposa marrom sal
a ligeira raposa marrom salt
a ligeira raposa marrom salto
a ligeira raposa marrom saltou
a ligeira raposa marrom saltou s
a ligeira raposa marrom saltou so
a ligeira raposa marrom saltou sob
a ligeira raposa marrom saltou sobr
a ligeira raposa marrom saltou sobre
a ligeira raposa marrom saltou sobre o
a ligeira raposa marrom saltou sobre o c
a ligeira raposa marrom saltou sobre o ca
a ligeira raposa marrom saltou sobre o cac
a ligeira raposa marrom saltou sobre o cach
a ligeira raposa marrom saltou sobre o cacho
a ligeira raposa marrom saltou sobre o cachor
a ligeira raposa marrom saltou sobre o cachorr
a ligeira raposa marrom saltou sobre o cachorro
a ligeira raposa marrom saltou sobre o cachorro c
a ligeira raposa marrom saltou sobre o cachorro ca
a ligeira raposa marrom saltou sobre o cachorro can
a ligeira raposa marrom saltou sobre o cachorro cans
a ligeira raposa marrom saltou sobre o cachorro cansa
a ligeira raposa marrom saltou sobre o cachorro cansad
a ligeira raposa marrom saltou sobre o cachorro cansado
a ligeira raposa marrom saltou sobre o cachorro cansado
]]></system-out>
  <system-err><![CDATA[]]></system-err>
</testsuite>
